<?xml version="1.0" encoding="UTF-8"?>
<!-- Generated by org.testng.reporters.JUnitXMLReporter -->
<testsuite hostname="CLS3108146778O" name="Default test" tests="7" failures="0" timestamp="20 Jun 2019 02:17:29 GMT" time="17.71" errors="0">
  <testcase name="abrir_Falabella_Page" time="5.036" classname="automatizacionTestCases.Prueba1"/>
  <testcase name="validar_Existencia_Elemetos_Home" time="0.084" classname="automatizacionTestCases.Prueba1"/>
  <testcase name="realizar_Busqueda_Producto" time="3.786" classname="automatizacionTestCases.Prueba1"/>
  <testcase name="obtengo_Precio_Producto_encontrado" time="0.26" classname="automatizacionTestCases.Prueba1"/>
  <testcase name="agregar_producto_carro" time="0.393" classname="automatizacionTestCases.Prueba1"/>
  <testcase name="ver_producto_carro" time="2.878" classname="automatizacionTestCases.Prueba1"/>
  <testcase name="validar_precio_producto_carro" time="0.223" classname="automatizacionTestCases.Prueba1"/>
</testsuite> <!-- Default test -->
